[2018-10-19 10:36:42] magephp.DEBUG: Environment: production [] []
[2018-10-19 10:36:42] magephp.DEBUG: Release ID: 20181019103642 [] []
[2018-10-19 10:36:42] magephp.DEBUG: Running task [Git] Change Branch (dev) (git/change-branch) [] []
[2018-10-19 10:36:42] magephp.INFO: git branch | grep "*" [] []
[2018-10-19 10:36:42] magephp.DEBUG: * dev  [] []
[2018-10-19 10:36:42] magephp.DEBUG: Task [Git] Change Branch (dev) (git/change-branch) finished with SKIPPED, thrown SkipException [] []
[2018-10-19 10:36:42] magephp.DEBUG: Running task [Git] Update. Custom command. Default is not working (git/update) [] []
[2018-10-19 10:36:42] magephp.INFO: git pull origin dev [] []
[2018-10-19 10:36:44] magephp.DEBUG: Already up to date.  [] []
[2018-10-19 10:36:44] magephp.DEBUG: Task [Git] Update. Custom command. Default is not working (git/update) finished with OK [] []
[2018-10-19 10:36:44] magephp.DEBUG: Running task [Composer] Install (composer/install) [] []
[2018-10-19 10:36:44] magephp.INFO: composer install --optimize-autoloader [] []
[2018-10-19 10:36:49] magephp.DEBUG: ocramius/package-versions:  Generating version class... ocramius/package-versions: ...done generating version class   [] []
[2018-10-19 10:36:49] magephp.DEBUG: Task [Composer] Install (composer/install) finished with OK [] []
[2018-10-19 10:36:49] magephp.DEBUG: Running task [Composer] Dump Autoload (composer/dump-autoload) [] []
[2018-10-19 10:36:49] magephp.INFO: composer dump-autoload --optimize [] []
[2018-10-19 10:36:50] magephp.DEBUG:  [] []
[2018-10-19 10:36:50] magephp.DEBUG: Task [Composer] Dump Autoload (composer/dump-autoload) finished with OK [] []
[2018-10-19 10:36:50] magephp.DEBUG: Running task [Deploy] Preparing Tar file (deploy/tar/prepare) [] []
[2018-10-19 10:36:50] magephp.INFO: tar cfzp /private/var/folders/b3/8qq7djpd1flfcbllnlq5qrx80000gn/T/mageP6nwjH --exclude=".git" --exclude="./var/cache/*" --exclude="./var/log/*" ./ [] []
[2018-10-19 10:37:05] magephp.DEBUG:  [] []
[2018-10-19 10:37:05] magephp.DEBUG: Task [Deploy] Preparing Tar file (deploy/tar/prepare) finished with OK [] []
[2018-10-19 10:37:05] magephp.DEBUG: Running task [Release] Preparing Release (deploy/release/prepare) [] []
[2018-10-19 10:37:05] magephp.INFO: ssh -p 22 -q -o UserKnownHostsFile=/dev/null -o StrictHostKeyChecking=no demo@142.93.111.72 "mkdir -p /var/www/iwouldlike/releases/20181019103642" [] []
[2018-10-19 10:37:10] magephp.DEBUG:  [] []
[2018-10-19 10:37:10] magephp.DEBUG: Task [Release] Preparing Release (deploy/release/prepare) finished with OK [] []
[2018-10-19 10:37:10] magephp.DEBUG: Running task [Deploy] Copying files with Tar (deploy/tar/copy) [] []
[2018-10-19 10:37:10] magephp.INFO: scp -P 22 -q -o UserKnownHostsFile=/dev/null -o StrictHostKeyChecking=no /private/var/folders/b3/8qq7djpd1flfcbllnlq5qrx80000gn/T/mageP6nwjH demo@142.93.111.72:/var/www/iwouldlike/releases/20181019103642/mageP6nwjH [] []
[2018-10-19 10:41:28] magephp.DEBUG:  [] []
[2018-10-19 10:41:28] magephp.INFO: ssh -p 22 -q -o UserKnownHostsFile=/dev/null -o StrictHostKeyChecking=no demo@142.93.111.72 "cd /var/www/iwouldlike/releases/20181019103642 && tar xfzop mageP6nwjH" [] []
[2018-10-19 10:41:44] magephp.DEBUG:  [] []
[2018-10-19 10:41:44] magephp.INFO: ssh -p 22 -q -o UserKnownHostsFile=/dev/null -o StrictHostKeyChecking=no demo@142.93.111.72 "rm /var/www/iwouldlike/releases/20181019103642/mageP6nwjH" [] []
[2018-10-19 10:41:47] magephp.DEBUG:  [] []
[2018-10-19 10:41:47] magephp.DEBUG: Task [Deploy] Copying files with Tar (deploy/tar/copy) finished with OK [] []
[2018-10-19 10:41:47] magephp.DEBUG: Running task [Release] Creating Symlink (deploy/release) [] []
[2018-10-19 10:41:47] magephp.INFO: ssh -p 22 -q -o UserKnownHostsFile=/dev/null -o StrictHostKeyChecking=no demo@142.93.111.72 "cd /var/www/iwouldlike && ln -snf releases/20181019103642 current" [] []
[2018-10-19 10:41:59] magephp.DEBUG:  [] []
[2018-10-19 10:41:59] magephp.DEBUG: Task [Release] Creating Symlink (deploy/release) finished with OK [] []
[2018-10-19 10:41:59] magephp.DEBUG: Running task [Release] Cleaning up old Releases (deploy/release/cleanup) [] []
[2018-10-19 10:41:59] magephp.INFO: ssh -p 22 -q -o UserKnownHostsFile=/dev/null -o StrictHostKeyChecking=no demo@142.93.111.72 "ls -1 /var/www/iwouldlike/releases" [] []
[2018-10-19 10:42:03] magephp.DEBUG: 20181018120231 20181019103642  [] []
[2018-10-19 10:42:03] magephp.DEBUG: Task [Release] Cleaning up old Releases (deploy/release/cleanup) finished with OK [] []
[2018-10-19 10:42:03] magephp.DEBUG: Running task [Deploy] Cleanup Tar file (deploy/tar/cleanup) [] []
[2018-10-19 10:42:03] magephp.INFO: rm /private/var/folders/b3/8qq7djpd1flfcbllnlq5qrx80000gn/T/mageP6nwjH [] []
[2018-10-19 10:42:03] magephp.DEBUG:  [] []
[2018-10-19 10:42:03] magephp.DEBUG: Task [Deploy] Cleanup Tar file (deploy/tar/cleanup) finished with OK [] []
[2018-10-19 10:42:03] magephp.DEBUG: Running task [Git] Change Branch (dev) (git/change-branch) [] []
[2018-10-19 10:42:03] magephp.INFO: git branch | grep "*" [] []
[2018-10-19 10:42:03] magephp.DEBUG: * dev  [] []
[2018-10-19 10:42:03] magephp.DEBUG: Task [Git] Change Branch (dev) (git/change-branch) finished with SKIPPED, thrown SkipException [] []
