[2018-10-22 10:38:43] magephp.DEBUG: Environment: production [] []
[2018-10-22 10:38:43] magephp.DEBUG: Release ID: 20181022103843 [] []
[2018-10-22 10:38:43] magephp.DEBUG: Running task [Git] Change Branch (dev) (git/change-branch) [] []
[2018-10-22 10:38:43] magephp.INFO: git branch | grep "*" [] []
[2018-10-22 10:38:43] magephp.DEBUG: * dev  [] []
[2018-10-22 10:38:43] magephp.DEBUG: Task [Git] Change Branch (dev) (git/change-branch) finished with SKIPPED, thrown SkipException [] []
[2018-10-22 10:38:43] magephp.DEBUG: Running task [Git] Update. Custom command. Default is not working (git/update) [] []
[2018-10-22 10:38:43] magephp.INFO: git pull origin dev [] []
[2018-10-22 10:38:45] magephp.DEBUG: Already up to date.  [] []
[2018-10-22 10:38:45] magephp.DEBUG: Task [Git] Update. Custom command. Default is not working (git/update) finished with OK [] []
[2018-10-22 10:38:45] magephp.DEBUG: Running task [Composer] Install (composer/install) [] []
[2018-10-22 10:38:45] magephp.INFO: composer install --optimize-autoloader [] []
[2018-10-22 10:38:49] magephp.DEBUG: ocramius/package-versions:  Generating version class... ocramius/package-versions: ...done generating version class   [] []
[2018-10-22 10:38:49] magephp.DEBUG: Task [Composer] Install (composer/install) finished with OK [] []
[2018-10-22 10:38:49] magephp.DEBUG: Running task [Composer] Dump Autoload (composer/dump-autoload) [] []
[2018-10-22 10:38:49] magephp.INFO: composer dump-autoload --optimize [] []
[2018-10-22 10:38:50] magephp.DEBUG:  [] []
[2018-10-22 10:38:50] magephp.DEBUG: Task [Composer] Dump Autoload (composer/dump-autoload) finished with OK [] []
[2018-10-22 10:38:50] magephp.DEBUG: Running task [Deploy] Preparing Tar file (deploy/tar/prepare) [] []
[2018-10-22 10:38:50] magephp.INFO: tar cfzp /private/var/folders/b3/8qq7djpd1flfcbllnlq5qrx80000gn/T/mage3CRS55 --exclude=".git" --exclude="./var/cache/*" --exclude="./var/log/*" ./ [] []
[2018-10-22 10:39:05] magephp.DEBUG:  [] []
[2018-10-22 10:39:05] magephp.DEBUG: Task [Deploy] Preparing Tar file (deploy/tar/prepare) finished with OK [] []
[2018-10-22 10:39:05] magephp.DEBUG: Running task [Release] Preparing Release (deploy/release/prepare) [] []
[2018-10-22 10:39:05] magephp.INFO: ssh -p 22 -q -o UserKnownHostsFile=/dev/null -o StrictHostKeyChecking=no demo@142.93.111.72 "mkdir -p /var/www/iwouldlike/releases/20181022103843" [] []
[2018-10-22 10:39:12] magephp.DEBUG:  [] []
[2018-10-22 10:39:12] magephp.DEBUG: Task [Release] Preparing Release (deploy/release/prepare) finished with OK [] []
[2018-10-22 10:39:12] magephp.DEBUG: Running task [Deploy] Copying files with Tar (deploy/tar/copy) [] []
[2018-10-22 10:39:12] magephp.INFO: scp -P 22 -q -o UserKnownHostsFile=/dev/null -o StrictHostKeyChecking=no /private/var/folders/b3/8qq7djpd1flfcbllnlq5qrx80000gn/T/mage3CRS55 demo@142.93.111.72:/var/www/iwouldlike/releases/20181022103843/mage3CRS55 [] []
[2018-10-22 10:42:05] magephp.DEBUG:  [] []
[2018-10-22 10:42:05] magephp.INFO: ssh -p 22 -q -o UserKnownHostsFile=/dev/null -o StrictHostKeyChecking=no demo@142.93.111.72 "cd /var/www/iwouldlike/releases/20181022103843 && tar xfzop mage3CRS55" [] []
[2018-10-22 10:42:17] magephp.DEBUG:  [] []
[2018-10-22 10:42:17] magephp.INFO: ssh -p 22 -q -o UserKnownHostsFile=/dev/null -o StrictHostKeyChecking=no demo@142.93.111.72 "rm /var/www/iwouldlike/releases/20181022103843/mage3CRS55" [] []
[2018-10-22 10:42:27] magephp.DEBUG:  [] []
[2018-10-22 10:42:27] magephp.DEBUG: Task [Deploy] Copying files with Tar (deploy/tar/copy) finished with OK [] []
[2018-10-22 10:42:27] magephp.DEBUG: Running task [Release] Creating Symlink (deploy/release) [] []
[2018-10-22 10:42:27] magephp.INFO: ssh -p 22 -q -o UserKnownHostsFile=/dev/null -o StrictHostKeyChecking=no demo@142.93.111.72 "cd /var/www/iwouldlike && ln -snf releases/20181022103843 current" [] []
[2018-10-22 10:42:34] magephp.DEBUG:  [] []
[2018-10-22 10:42:34] magephp.DEBUG: Task [Release] Creating Symlink (deploy/release) finished with OK [] []
[2018-10-22 10:42:34] magephp.DEBUG: Running task [Release] Cleaning up old Releases (deploy/release/cleanup) [] []
[2018-10-22 10:42:34] magephp.INFO: ssh -p 22 -q -o UserKnownHostsFile=/dev/null -o StrictHostKeyChecking=no demo@142.93.111.72 "ls -1 /var/www/iwouldlike/releases" [] []
[2018-10-22 10:42:46] magephp.DEBUG: 20181022100524 20181022103843  [] []
[2018-10-22 10:42:46] magephp.DEBUG: Task [Release] Cleaning up old Releases (deploy/release/cleanup) finished with OK [] []
[2018-10-22 10:42:46] magephp.DEBUG: Running task [Deploy] Cleanup Tar file (deploy/tar/cleanup) [] []
[2018-10-22 10:42:46] magephp.INFO: rm /private/var/folders/b3/8qq7djpd1flfcbllnlq5qrx80000gn/T/mage3CRS55 [] []
[2018-10-22 10:42:46] magephp.DEBUG:  [] []
[2018-10-22 10:42:46] magephp.DEBUG: Task [Deploy] Cleanup Tar file (deploy/tar/cleanup) finished with OK [] []
[2018-10-22 10:42:46] magephp.DEBUG: Running task [Git] Change Branch (dev) (git/change-branch) [] []
[2018-10-22 10:42:46] magephp.INFO: git branch | grep "*" [] []
[2018-10-22 10:42:46] magephp.DEBUG: * dev  [] []
[2018-10-22 10:42:46] magephp.DEBUG: Task [Git] Change Branch (dev) (git/change-branch) finished with SKIPPED, thrown SkipException [] []
