[2018-10-16 11:52:48] magephp.DEBUG: Environment: production [] []
[2018-10-16 11:52:48] magephp.DEBUG: Release ID: 20181016115248 [] []
[2018-10-16 11:52:48] magephp.DEBUG: Running task [Git] Change Branch (dev) (git/change-branch) [] []
[2018-10-16 11:52:48] magephp.INFO: git branch | grep "*" [] []
[2018-10-16 11:52:48] magephp.DEBUG: * dev  [] []
[2018-10-16 11:52:48] magephp.DEBUG: Task [Git] Change Branch (dev) (git/change-branch) finished with SKIPPED, thrown SkipException [] []
[2018-10-16 11:52:48] magephp.DEBUG: Running task [Git] Update (git/update) [] []
[2018-10-16 11:52:48] magephp.INFO: git pull origin dev [] []
[2018-10-16 11:52:53] magephp.DEBUG: Already up to date.  [] []
[2018-10-16 11:52:53] magephp.DEBUG: Task [Git] Update (git/update) finished with OK [] []
[2018-10-16 11:52:53] magephp.DEBUG: Running task [Composer] Install (composer/install) [] []
[2018-10-16 11:52:53] magephp.INFO: composer install --optimize-autoloader [] []
[2018-10-16 11:52:57] magephp.DEBUG: ocramius/package-versions:  Generating version class... ocramius/package-versions: ...done generating version class   [] []
[2018-10-16 11:52:57] magephp.DEBUG: Task [Composer] Install (composer/install) finished with OK [] []
[2018-10-16 11:52:57] magephp.DEBUG: Running task [Composer] Dump Autoload (composer/dump-autoload) [] []
[2018-10-16 11:52:57] magephp.INFO: composer dump-autoload --optimize [] []
[2018-10-16 11:52:58] magephp.DEBUG:  [] []
[2018-10-16 11:52:58] magephp.DEBUG: Task [Composer] Dump Autoload (composer/dump-autoload) finished with OK [] []
[2018-10-16 11:52:58] magephp.DEBUG: Running task [Deploy] Preparing Tar file (deploy/tar/prepare) [] []
[2018-10-16 11:52:58] magephp.INFO: tar cfzp /private/var/folders/b3/8qq7djpd1flfcbllnlq5qrx80000gn/T/mageIO0DTG --exclude=".git" --exclude="./var/cache/*" --exclude="./var/log/*" ./ [] []
[2018-10-16 11:53:13] magephp.DEBUG:  [] []
[2018-10-16 11:53:13] magephp.DEBUG: Task [Deploy] Preparing Tar file (deploy/tar/prepare) finished with OK [] []
[2018-10-16 11:53:13] magephp.DEBUG: Running task [Release] Preparing Release (deploy/release/prepare) [] []
[2018-10-16 11:53:13] magephp.INFO: ssh -p 22 -q -o UserKnownHostsFile=/dev/null -o StrictHostKeyChecking=no root@142.93.111.72 "mkdir -p /var/www/releases/20181016115248" [] []
[2018-10-16 11:53:19] magephp.DEBUG:  [] []
[2018-10-16 11:53:19] magephp.DEBUG: Task [Release] Preparing Release (deploy/release/prepare) finished with OK [] []
[2018-10-16 11:53:19] magephp.DEBUG: Running task [Deploy] Copying files with Tar (deploy/tar/copy) [] []
[2018-10-16 11:53:19] magephp.INFO: scp -P 22 -q -o UserKnownHostsFile=/dev/null -o StrictHostKeyChecking=no /private/var/folders/b3/8qq7djpd1flfcbllnlq5qrx80000gn/T/mageIO0DTG root@142.93.111.72:/var/www/releases/20181016115248/mageIO0DTG [] []
[2018-10-16 11:56:06] magephp.DEBUG:  [] []
[2018-10-16 11:56:06] magephp.INFO: ssh -p 22 -q -o UserKnownHostsFile=/dev/null -o StrictHostKeyChecking=no root@142.93.111.72 "cd /var/www/releases/20181016115248 && tar xfzop mageIO0DTG" [] []
[2018-10-16 11:56:18] magephp.DEBUG:  [] []
[2018-10-16 11:56:18] magephp.INFO: ssh -p 22 -q -o UserKnownHostsFile=/dev/null -o StrictHostKeyChecking=no root@142.93.111.72 "rm /var/www/releases/20181016115248/mageIO0DTG" [] []
[2018-10-16 11:56:22] magephp.DEBUG:  [] []
[2018-10-16 11:56:22] magephp.DEBUG: Task [Deploy] Copying files with Tar (deploy/tar/copy) finished with OK [] []
[2018-10-16 11:56:22] magephp.DEBUG: Running task [Symfony] Cache Warmup (symfony/cache-warmup) [] []
[2018-10-16 11:56:22] magephp.INFO: ssh -p 22 -q -o UserKnownHostsFile=/dev/null -o StrictHostKeyChecking=no root@142.93.111.72 "cd /var/www/releases/20181016115248 && bin/console cache:warmup --env=prod" [] []
[2018-10-16 11:56:29] magephp.DEBUG:   // Warming up the cache for the prod environment with debug                      // false                                                                          [OK] Cache for the "prod" environment (debug=false) was successfully warmed.      [] []
[2018-10-16 11:56:29] magephp.DEBUG: Task [Symfony] Cache Warmup (symfony/cache-warmup) finished with OK [] []
[2018-10-16 11:56:29] magephp.DEBUG: Running task [Symfony] Assets Install (symfony/assets-install) [] []
[2018-10-16 11:56:29] magephp.INFO: ssh -p 22 -q -o UserKnownHostsFile=/dev/null -o StrictHostKeyChecking=no root@142.93.111.72 "cd /var/www/releases/20181016115248 && bin/console assets:install web --env=prod --symlink --relative" [] []
[2018-10-16 11:56:34] magephp.DEBUG:  [] []
[2018-10-16 11:56:34] magephp.ERROR:   [WARNING] Some commands could not be registered:                                 In AbstractMySQLDriver.php line 126:                                                                                   An exception occurred in driver: SQLSTATE[HY000] [1698] Access denied for u     ser 'root'@'localhost'                                                                                                                                         In PDOConnection.php line 50:                                                                        SQLSTATE[HY000] [1698] Access denied for user 'root'@'localhost'                                                                         In PDOConnection.php line 46:                                                                        SQLSTATE[HY000] [1698] Access denied for user 'root'@'localhost'                                                                           [WARNING] Some commands could not be registered:                                 In AbstractMySQLDriver.php line 126:                                                                                   An exception occurred in driver: SQLSTATE[HY000] [1698] Access denied for u     ser 'root'@'localhost'                                                                                                                                         In PDOConnection.php line 50:                                                                        SQLSTATE[HY000] [1698] Access denied for user 'root'@'localhost'                                                                         In PDOConnection.php line 46:                                                                        SQLSTATE[HY000] [1698] Access denied for user 'root'@'localhost'                                                                         11:56:34 ERROR     [console] Error thrown while running command "assets:install web --env=prod --symlink --relative". Message: "The target directory "web" does not exist." ["exception" => Symfony\Component\Console\Exception\InvalidArgumentException { …},"command" => "assets:install web --env=prod --symlink --relative","message" => "The target directory "web" does not exist."]                                                   The target directory "web" does not exist.                                                   assets:install [--symlink] [--relative] [--no-cleanup] [-h|--help] [-q|--quiet] [-v|vv|vvv|--verbose] [-V|--version] [--ansi] [--no-ansi] [-n|--no-interaction] [-e|--env ENV] [--no-debug] [--] <command> [<target>]   [] []
[2018-10-16 11:56:34] magephp.DEBUG: Task [Symfony] Assets Install (symfony/assets-install) finished with FAIL [] []
