[2018-10-16 11:33:39] magephp.DEBUG: Environment: production [] []
[2018-10-16 11:33:39] magephp.DEBUG: Release ID: 20181016113339 [] []
[2018-10-16 11:33:39] magephp.DEBUG: Running task [Git] Change Branch (dev) (git/change-branch) [] []
[2018-10-16 11:33:39] magephp.INFO: git branch | grep "*" [] []
[2018-10-16 11:33:39] magephp.DEBUG: * dev  [] []
[2018-10-16 11:33:39] magephp.DEBUG: Task [Git] Change Branch (dev) (git/change-branch) finished with SKIPPED, thrown SkipException [] []
[2018-10-16 11:33:39] magephp.DEBUG: Running task [Git] Update (git/update) [] []
[2018-10-16 11:33:39] magephp.INFO: git pull origin dev [] []
[2018-10-16 11:33:45] magephp.DEBUG: Already up to date.  [] []
[2018-10-16 11:33:45] magephp.DEBUG: Task [Git] Update (git/update) finished with OK [] []
[2018-10-16 11:33:45] magephp.DEBUG: Running task [Composer] Install (composer/install) [] []
[2018-10-16 11:33:45] magephp.INFO: composer install --optimize-autoloader [] []
[2018-10-16 11:33:50] magephp.DEBUG: ocramius/package-versions:  Generating version class... ocramius/package-versions: ...done generating version class   [] []
[2018-10-16 11:33:50] magephp.DEBUG: Task [Composer] Install (composer/install) finished with OK [] []
[2018-10-16 11:33:50] magephp.DEBUG: Running task [Composer] Dump Autoload (composer/dump-autoload) [] []
[2018-10-16 11:33:50] magephp.INFO: composer dump-autoload --optimize [] []
[2018-10-16 11:33:51] magephp.DEBUG:  [] []
[2018-10-16 11:33:51] magephp.DEBUG: Task [Composer] Dump Autoload (composer/dump-autoload) finished with OK [] []
[2018-10-16 11:33:51] magephp.DEBUG: Running task [Deploy] Preparing Tar file (deploy/tar/prepare) [] []
[2018-10-16 11:33:51] magephp.INFO: tar cfzp /private/var/folders/b3/8qq7djpd1flfcbllnlq5qrx80000gn/T/magebbRTPQ --exclude=".git" --exclude="./var/cache/*" --exclude="./var/log/*" ./ [] []
[2018-10-16 11:34:06] magephp.DEBUG:  [] []
[2018-10-16 11:34:06] magephp.DEBUG: Task [Deploy] Preparing Tar file (deploy/tar/prepare) finished with OK [] []
[2018-10-16 11:34:06] magephp.DEBUG: Running task [Release] Preparing Release (deploy/release/prepare) [] []
[2018-10-16 11:34:06] magephp.INFO: ssh -p 22 -q -o UserKnownHostsFile=/dev/null -o StrictHostKeyChecking=no root@142.93.111.72 "mkdir -p /var/www/releases/20181016113339" [] []
[2018-10-16 11:34:12] magephp.DEBUG:  [] []
[2018-10-16 11:34:12] magephp.DEBUG: Task [Release] Preparing Release (deploy/release/prepare) finished with OK [] []
[2018-10-16 11:34:12] magephp.DEBUG: Running task [Deploy] Copying files with Tar (deploy/tar/copy) [] []
[2018-10-16 11:34:12] magephp.INFO: scp -P 22 -q -o UserKnownHostsFile=/dev/null -o StrictHostKeyChecking=no /private/var/folders/b3/8qq7djpd1flfcbllnlq5qrx80000gn/T/magebbRTPQ root@142.93.111.72:/var/www/releases/20181016113339/magebbRTPQ [] []
[2018-10-16 11:36:49] magephp.DEBUG:  [] []
[2018-10-16 11:36:49] magephp.INFO: ssh -p 22 -q -o UserKnownHostsFile=/dev/null -o StrictHostKeyChecking=no root@142.93.111.72 "cd /var/www/releases/20181016113339 && tar xfzop magebbRTPQ" [] []
[2018-10-16 11:36:58] magephp.DEBUG:  [] []
[2018-10-16 11:36:58] magephp.INFO: ssh -p 22 -q -o UserKnownHostsFile=/dev/null -o StrictHostKeyChecking=no root@142.93.111.72 "rm /var/www/releases/20181016113339/magebbRTPQ" [] []
[2018-10-16 11:37:05] magephp.DEBUG:  [] []
[2018-10-16 11:37:05] magephp.DEBUG: Task [Deploy] Copying files with Tar (deploy/tar/copy) finished with OK [] []
[2018-10-16 11:37:05] magephp.DEBUG: Running task [Symfony] Cache Warmup (symfony/cache-warmup) [] []
[2018-10-16 11:37:05] magephp.INFO: ssh -p 22 -q -o UserKnownHostsFile=/dev/null -o StrictHostKeyChecking=no root@142.93.111.72 "cd /var/www/releases/20181016113339 && bin/console cache:warmup --env=prod" [] []
[2018-10-16 11:37:10] magephp.DEBUG:  [] []
[2018-10-16 11:37:10] magephp.ERROR:  In XmlUtils.php line 50:                                  Extension DOM is required.                                    [] []
[2018-10-16 11:37:10] magephp.DEBUG: Task [Symfony] Cache Warmup (symfony/cache-warmup) finished with FAIL [] []
