[2018-10-17 09:32:55] magephp.DEBUG: Environment: production [] []
[2018-10-17 09:32:55] magephp.DEBUG: Release ID: 20181017093255 [] []
[2018-10-17 09:32:55] magephp.DEBUG: Running task [Git] Change Branch (dev) (git/change-branch) [] []
[2018-10-17 09:32:55] magephp.INFO: git branch | grep "*" [] []
[2018-10-17 09:32:55] magephp.DEBUG: * dev  [] []
[2018-10-17 09:32:55] magephp.DEBUG: Task [Git] Change Branch (dev) (git/change-branch) finished with SKIPPED, thrown SkipException [] []
[2018-10-17 09:32:55] magephp.DEBUG: Running task [Git] Update (git/update) [] []
[2018-10-17 09:32:55] magephp.INFO: git pull origin dev [] []
[2018-10-17 09:33:01] magephp.DEBUG: Already up to date.  [] []
[2018-10-17 09:33:01] magephp.DEBUG: Task [Git] Update (git/update) finished with OK [] []
[2018-10-17 09:33:01] magephp.DEBUG: Running task [Composer] Install (composer/install) [] []
[2018-10-17 09:33:01] magephp.INFO: composer install --optimize-autoloader [] []
[2018-10-17 09:33:05] magephp.DEBUG: ocramius/package-versions:  Generating version class... ocramius/package-versions: ...done generating version class   [] []
[2018-10-17 09:33:05] magephp.DEBUG: Task [Composer] Install (composer/install) finished with OK [] []
[2018-10-17 09:33:05] magephp.DEBUG: Running task [Composer] Dump Autoload (composer/dump-autoload) [] []
[2018-10-17 09:33:05] magephp.INFO: composer dump-autoload --optimize [] []
[2018-10-17 09:33:06] magephp.DEBUG:  [] []
[2018-10-17 09:33:06] magephp.DEBUG: Task [Composer] Dump Autoload (composer/dump-autoload) finished with OK [] []
[2018-10-17 09:33:06] magephp.DEBUG: Running task [Deploy] Preparing Tar file (deploy/tar/prepare) [] []
[2018-10-17 09:33:06] magephp.INFO: tar cfzp /private/var/folders/b3/8qq7djpd1flfcbllnlq5qrx80000gn/T/magebWiYFv --exclude=".git" --exclude="./var/cache/*" --exclude="./var/log/*" ./ [] []
[2018-10-17 09:33:24] magephp.DEBUG:  [] []
[2018-10-17 09:33:24] magephp.DEBUG: Task [Deploy] Preparing Tar file (deploy/tar/prepare) finished with OK [] []
[2018-10-17 09:33:24] magephp.DEBUG: Running task [Release] Preparing Release (deploy/release/prepare) [] []
[2018-10-17 09:33:24] magephp.INFO: ssh -p 22 -q -o UserKnownHostsFile=/dev/null -o StrictHostKeyChecking=no root@142.93.111.72 "mkdir -p /var/www/releases/20181017093255" [] []
[2018-10-17 09:33:30] magephp.DEBUG:  [] []
[2018-10-17 09:33:30] magephp.DEBUG: Task [Release] Preparing Release (deploy/release/prepare) finished with OK [] []
[2018-10-17 09:33:30] magephp.DEBUG: Running task [Deploy] Copying files with Tar (deploy/tar/copy) [] []
[2018-10-17 09:33:30] magephp.INFO: scp -P 22 -q -o UserKnownHostsFile=/dev/null -o StrictHostKeyChecking=no /private/var/folders/b3/8qq7djpd1flfcbllnlq5qrx80000gn/T/magebWiYFv root@142.93.111.72:/var/www/releases/20181017093255/magebWiYFv [] []
